# JRE version: Java(TM) SE Runtime Environment (17.0.6+9) (build 17.0.6+9-LTS-190)
# Java VM: Java HotSpot(TM) 64-Bit Server VM (17.0.6+9-LTS-190, mixed mode, sharing, tiered, compressed oops, compressed class ptrs, g1 gc, windows-amd64)
GC Precious Log:
 CPUs: 4 total, 4 available
 Memory: 14478M
 Large Page Support: Disabled
 NUMA Support: Disabled
 Compressed Oops: Enabled (Zero based)
 Heap Region Size: 2M
 Heap Min Capacity: 8M
 Heap Initial Capacity: 228M
 Heap Max Capacity: 3620M
 Pre-touch: Disabled
 Parallel Workers: 4
 Concurrent Workers: 1
 Concurrent Refinement Workers: 4
 Periodic GC: Disabled
Heap:
 garbage-first heap   total 792576K, used 736285K [0x000000071dc00000, 0x0000000800000000)
  region size 2048K, 17 young (34816K), 3 survivors (6144K)
 Metaspace       used 75156K, committed 75712K, reserved 1122304K
  class space    used 7866K, committed 8128K, reserved 1048576K
GC Heap History (20 events):
Event: 338.837 GC heap before
{Heap before GC invocations=87 (full 0):
 garbage-first heap   total 792576K, used 703960K [0x000000071dc00000, 0x0000000800000000)
  region size 2048K, 26 young (53248K), 3 survivors (6144K)
 Metaspace       used 68926K, committed 69376K, reserved 1114112K
  class space    used 7334K, committed 7552K, reserved 1048576K
}
Event: 338.862 GC heap after
{Heap after GC invocations=88 (full 0):
 garbage-first heap   total 792576K, used 657415K [0x000000071dc00000, 0x0000000800000000)
  region size 2048K, 3 young (6144K), 3 survivors (6144K)
 Metaspace       used 68926K, committed 69376K, reserved 1114112K
  class space    used 7334K, committed 7552K, reserved 1048576K
}
Event: 340.264 GC heap before
{Heap before GC invocations=88 (full 0):
 garbage-first heap   total 792576K, used 704519K [0x000000071dc00000, 0x0000000800000000)
  region size 2048K, 26 young (53248K), 3 survivors (6144K)
 Metaspace       used 69049K, committed 69504K, reserved 1114112K
  class space    used 7341K, committed 7552K, reserved 1048576K
}
Event: 340.286 GC heap after
{Heap after GC invocations=89 (full 0):
 garbage-first heap   total 792576K, used 658794K [0x000000071dc00000, 0x0000000800000000)
  region size 2048K, 3 young (6144K), 3 survivors (6144K)
 Metaspace       used 69049K, committed 69504K, reserved 1114112K
  class space    used 7341K, committed 7552K, reserved 1048576K
}
Event: 343.802 GC heap before
{Heap before GC invocations=89 (full 0):
 garbage-first heap   total 792576K, used 701802K [0x000000071dc00000, 0x0000000800000000)
  region size 2048K, 25 young (51200K), 3 survivors (6144K)
 Metaspace       used 72530K, committed 73024K, reserved 1122304K
  class space    used 7681K, committed 7936K, reserved 1048576K
}
Event: 343.831 GC heap after
{Heap after GC invocations=90 (full 0):
 garbage-first heap   total 792576K, used 660485K [0x000000071dc00000, 0x0000000800000000)
  region size 2048K, 3 young (6144K), 3 survivors (6144K)
 Metaspace       used 72530K, committed 73024K, reserved 1122304K
  class space    used 7681K, committed 7936K, reserved 1048576K
}
Event: 347.486 GC heap before
{Heap before GC invocations=90 (full 0):
 garbage-first heap   total 792576K, used 705541K [0x000000071dc00000, 0x0000000800000000)
  region size 2048K, 25 young (51200K), 3 survivors (6144K)
 Metaspace       used 74410K, committed 74944K, reserved 1122304K
  class space    used 7830K, committed 8064K, reserved 1048576K
}
Event: 347.540 GC heap after
{Heap after GC invocations=91 (full 0):
 garbage-first heap   total 792576K, used 667823K [0x000000071dc00000, 0x0000000800000000)
  region size 2048K, 4 young (8192K), 4 survivors (8192K)
 Metaspace       used 74410K, committed 74944K, reserved 1122304K
  class space    used 7830K, committed 8064K, reserved 1048576K
}
Event: 349.416 GC heap before
{Heap before GC invocations=91 (full 0):
 garbage-first heap   total 792576K, used 700591K [0x000000071dc00000, 0x0000000800000000)
  region size 2048K, 20 young (40960K), 4 survivors (8192K)
 Metaspace       used 74628K, committed 75200K, reserved 1122304K
  class space    used 7843K, committed 8128K, reserved 1048576K
}
Event: 349.470 GC heap after
{Heap after GC invocations=92 (full 0):
 garbage-first heap   total 792576K, used 675146K [0x000000071dc00000, 0x0000000800000000)
  region size 2048K, 3 young (6144K), 3 survivors (6144K)
 Metaspace       used 74628K, committed 75200K, reserved 1122304K
  class space    used 7843K, committed 8128K, reserved 1048576K
}
Event: 350.747 GC heap before
{Heap before GC invocations=92 (full 0):
 garbage-first heap   total 792576K, used 707914K [0x000000071dc00000, 0x0000000800000000)
  region size 2048K, 19 young (38912K), 3 survivors (6144K)
 Metaspace       used 74858K, committed 75392K, reserved 1122304K
  class space    used 7861K, committed 8128K, reserved 1048576K
}
Event: 350.779 GC heap after
{Heap after GC invocations=93 (full 0):
 garbage-first heap   total 792576K, used 681973K [0x000000071dc00000, 0x0000000800000000)
  region size 2048K, 3 young (6144K), 3 survivors (6144K)
 Metaspace       used 74858K, committed 75392K, reserved 1122304K
  class space    used 7861K, committed 8128K, reserved 1048576K
}
Event: 351.989 GC heap before
{Heap before GC invocations=93 (full 0):
 garbage-first heap   total 792576K, used 714741K [0x000000071dc00000, 0x0000000800000000)
  region size 2048K, 19 young (38912K), 3 survivors (6144K)
 Metaspace       used 74894K, committed 75456K, reserved 1122304K
  class space    used 7861K, committed 8128K, reserved 1048576K
}
Event: 352.018 GC heap after
{Heap after GC invocations=94 (full 0):
 garbage-first heap   total 792576K, used 689631K [0x000000071dc00000, 0x0000000800000000)
  region size 2048K, 3 young (6144K), 3 survivors (6144K)
 Metaspace       used 74894K, committed 75456K, reserved 1122304K
  class space    used 7861K, committed 8128K, reserved 1048576K
}
Event: 353.154 GC heap before
{Heap before GC invocations=94 (full 0):
 garbage-first heap   total 792576K, used 722399K [0x000000071dc00000, 0x0000000800000000)
  region size 2048K, 19 young (38912K), 3 survivors (6144K)
 Metaspace       used 74942K, committed 75520K, reserved 1122304K
  class space    used 7863K, committed 8128K, reserved 1048576K
}
Event: 353.200 GC heap after
{Heap after GC invocations=95 (full 0):
 garbage-first heap   total 792576K, used 696644K [0x000000071dc00000, 0x0000000800000000)
  region size 2048K, 3 young (6144K), 3 survivors (6144K)
 Metaspace       used 74942K, committed 75520K, reserved 1122304K
  class space    used 7863K, committed 8128K, reserved 1048576K
}
Event: 354.321 GC heap before
{Heap before GC invocations=95 (full 0):
 garbage-first heap   total 792576K, used 729412K [0x000000071dc00000, 0x0000000800000000)
  region size 2048K, 19 young (38912K), 3 survivors (6144K)
 Metaspace       used 75015K, committed 75584K, reserved 1122304K
  class space    used 7863K, committed 8128K, reserved 1048576K
}
Event: 354.360 GC heap after
{Heap after GC invocations=96 (full 0):
 garbage-first heap   total 792576K, used 704082K [0x000000071dc00000, 0x0000000800000000)
  region size 2048K, 3 young (6144K), 3 survivors (6144K)
 Metaspace       used 75015K, committed 75584K, reserved 1122304K
  class space    used 7863K, committed 8128K, reserved 1048576K
}
Event: 357.158 GC heap before
{Heap before GC invocations=96 (full 0):
 garbage-first heap   total 792576K, used 736850K [0x000000071dc00000, 0x0000000800000000)
  region size 2048K, 19 young (38912K), 3 survivors (6144K)
 Metaspace       used 75086K, committed 75648K, reserved 1122304K
  class space    used 7863K, committed 8128K, reserved 1048576K
}
Event: 357.194 GC heap after
{Heap after GC invocations=97 (full 0):
 garbage-first heap   total 792576K, used 711709K [0x000000071dc00000, 0x0000000800000000)
  region size 2048K, 3 young (6144K), 3 survivors (6144K)
 Metaspace       used 75086K, committed 75648K, reserved 1122304K
  class space    used 7863K, committed 8128K, reserved 1048576K
}

